Problem is anisotropic with tilted transversely isotropy using sigma=0.750000
Grid size is (376,376,376) with spacing (12.50,12.50,12.50); simulated area (4687.50,4687.50,4687.50) 
Grid is extended by 16 absortion points and 4 border points at each extreme
Wave is propagated at internal+absortion points of size (408,408,408)
Source at coordinates (208,208,208)
Will run 100 time steps of 0.001000 to reach time 0.100000
OpenMP directives disabled
Execution with OpenACC directives on device Tesla P100-PCIE-16GB
Recomended maximum time step is 0.000685; used time step is 0.001000
File TTI.rsf contains time evolution of (0:415,0:415,0:415)
ch1dxx=0.145963; ch1dyy=0.354037; ch1dzz=0.500000; ch1dxy=0.454649; ch1dxz=0.540302; ch1dyz=0.841471
vsv=1.162323e+03; vpz=2.690256e+03, v2pz=7.237478e+06
v2sz=1.350996e+06; v2pz=7.237478e+06, v2px=1.071147e+07, v2pn=8.684974e+06
Execution time (s) is 6.465305
MSamples/s 1050
Memory High Water Mark is 5819228 kB
Problem is anisotropic with tilted transversely isotropy using sigma=0.750000
Grid size is (344,344,344) with spacing (12.50,12.50,12.50); simulated area (4287.50,4287.50,4287.50) 
Grid is extended by 16 absortion points and 4 border points at each extreme
Wave is propagated at internal+absortion points of size (376,376,376)
Source at coordinates (192,192,192)
Will run 100 time steps of 0.001000 to reach time 0.100000
Execution with OpenMP directives on 48 threads
OpenACC directives disabled
Recomended maximum time step is 0.000685; used time step is 0.001000
File TTI.rsf contains time evolution of (0:383,0:383,0:383)
ch1dxx=0.145963; ch1dyy=0.354037; ch1dzz=0.500000; ch1dxy=0.454649; ch1dxz=0.540302; ch1dyz=0.841471
vsv=9.174814e+02; vpz=2.123557e+03, v2pz=4.509495e+06
v2sz=8.417722e+05; v2pz=4.509495e+06, v2px=6.674052e+06, v2pn=5.411394e+06
Execution time (s) is 22.756943
MSamples/s 234
Memory High Water Mark is 5326848 kB
Problem is anisotropic with tilted transversely isotropy using sigma=0.750000
Grid size is (56,56,56) with spacing (12.50,12.50,12.50); simulated area (687.50,687.50,687.50) 
Grid is extended by 16 absortion points and 4 border points at each extreme
Wave is propagated at internal+absortion points of size (88,88,88)
Source at coordinates (48,48,48)
Will run 100 time steps of 0.001000 to reach time 0.100000
OpenMP directives disabled
Execution with OpenACC directives on device Intel(R) Xeon(R) Gold 6126 CPU @ 2.60GHz
Recomended maximum time step is 0.000685; used time step is 0.001000
File TTI.rsf contains time evolution of (0:95,0:95,0:95)
ch1dxx=0.145963; ch1dyy=0.354037; ch1dzz=0.500000; ch1dxy=0.454649; ch1dxz=0.540302; ch1dyz=0.841471
vsv=7.606066e+02; vpz=1.760462e+03, v2pz=3.099227e+06
v2sz=5.785224e+05; v2pz=3.099227e+06, v2px=4.586856e+06, v2pn=3.719072e+06
Execution time (s) is 1.460962
MSamples/s 47
Memory High Water Mark is 93916 kB
Problem is anisotropic with tilted transversely isotropy using sigma=0.750000
Grid size is (344,344,344) with spacing (12.50,12.50,12.50); simulated area (4287.50,4287.50,4287.50) 
Grid is extended by 16 absortion points and 4 border points at each extreme
Wave is propagated at internal+absortion points of size (376,376,376)
Source at coordinates (192,192,192)
Will run 100 time steps of 0.001000 to reach time 0.100000
Execution with OpenMP directives on 48 threads
OpenACC directives disabled
Recomended maximum time step is 0.000685; used time step is 0.001000
File TTI.rsf contains time evolution of (0:383,0:383,0:383)
ch1dxx=0.145963; ch1dyy=0.354037; ch1dzz=0.500000; ch1dxy=0.454649; ch1dxz=0.540302; ch1dyz=0.841471
vsv=9.174814e+02; vpz=2.123557e+03, v2pz=4.509495e+06
v2sz=8.417722e+05; v2pz=4.509495e+06, v2px=6.674052e+06, v2pn=5.411394e+06
Execution time (s) is 28.347525
MSamples/s 188
Memory High Water Mark is 4444556 kB
Problem is anisotropic with tilted transversely isotropy using sigma=0.750000
Grid size is (120,120,120) with spacing (12.50,12.50,12.50); simulated area (1487.50,1487.50,1487.50) 
Grid is extended by 16 absortion points and 4 border points at each extreme
Wave is propagated at internal+absortion points of size (152,152,152)
Source at coordinates (80,80,80)
Will run 100 time steps of 0.001000 to reach time 0.100000
Execution with OpenMP directives on 48 threads
OpenACC directives disabled
Recomended maximum time step is 0.000685; used time step is 0.001000
File TTI.rsf contains time evolution of (0:159,0:159,0:159)
ch1dxx=0.145963; ch1dyy=0.354037; ch1dzz=0.500000; ch1dxy=0.454649; ch1dxz=0.540302; ch1dyz=0.841471
vsv=4.637537e+02; vpz=1.073381e+03, v2pz=1.152148e+06
v2sz=2.150675e+05; v2pz=1.152148e+06, v2px=1.705178e+06, v2pn=1.382577e+06
Execution time (s) is 1.508216
MSamples/s 233
Memory High Water Mark is 337660 kB
Problem is anisotropic with tilted transversely isotropy using sigma=0.750000
Grid size is (88,88,88) with spacing (12.50,12.50,12.50); simulated area (1087.50,1087.50,1087.50) 
Grid is extended by 16 absortion points and 4 border points at each extreme
Wave is propagated at internal+absortion points of size (120,120,120)
Source at coordinates (64,64,64)
Will run 100 time steps of 0.001000 to reach time 0.100000
OpenMP directives disabled
Execution with OpenACC directives on device Intel(R) Xeon(R) Gold 6126 CPU @ 2.60GHz
Recomended maximum time step is 0.000685; used time step is 0.001000
File TTI.rsf contains time evolution of (0:127,0:127,0:127)
ch1dxx=0.145963; ch1dyy=0.354037; ch1dzz=0.500000; ch1dxy=0.454649; ch1dxz=0.540302; ch1dyz=0.841471
vsv=2.245418e+02; vpz=5.197133e+02, v2pz=2.701019e+05
v2sz=5.041902e+04; v2pz=2.701019e+05, v2px=3.997509e+05, v2pn=3.241223e+05
Execution time (s) is 1.584391
MSamples/s 109
Memory High Water Mark is 179072 kB
Problem is anisotropic with tilted transversely isotropy using sigma=0.750000
Grid size is (216,216,216) with spacing (12.50,12.50,12.50); simulated area (2687.50,2687.50,2687.50) 
Grid is extended by 16 absortion points and 4 border points at each extreme
Wave is propagated at internal+absortion points of size (248,248,248)
Source at coordinates (128,128,128)
Will run 100 time steps of 0.001000 to reach time 0.100000
OpenMP directives disabled
Execution with OpenACC directives on device Intel(R) Xeon(R) Gold 6126 CPU @ 2.60GHz
Recomended maximum time step is 0.000685; used time step is 0.001000
File TTI.rsf contains time evolution of (0:255,0:255,0:255)
ch1dxx=0.145963; ch1dyy=0.354037; ch1dzz=0.500000; ch1dxy=0.454649; ch1dxz=0.540302; ch1dyz=0.841471
vsv=4.523026e+02; vpz=1.046877e+03, v2pz=1.095952e+06
v2sz=2.045776e+05; v2pz=1.095952e+06, v2px=1.622008e+06, v2pn=1.315142e+06
Execution time (s) is 5.885183
MSamples/s 259
Memory High Water Mark is 1332804 kB
